<?xml version="1.0" encoding="UTF-8"?>
<!-- Generated by org.testng.reporters.JUnitXMLReporter -->
<testsuite ignored="0" hostname="STDEV009" failures="0" tests="3" name="Cross_Journey" time="0.146" errors="0" timestamp="22 Jul 2023 10:27:13 GMT">
  <testcase classname="com.crossjourney.testcases.LoginPageTest" name="@BeforeMethod setUp" time="0.03">
    <failure type="java.lang.NullPointerException" message="Cannot invoke &amp;quot;java.util.Properties.getProperty(String)&amp;quot; because &amp;quot;com.crossjourney.base.TestBase.prop&amp;quot; is null">
      <![CDATA[java.lang.NullPointerException: Cannot invoke "java.util.Properties.getProperty(String)" because "com.crossjourney.base.TestBase.prop" is null
at com.crossjourney.base.TestBase.initialization(TestBase.java:37)
at com.crossjourney.testcases.LoginPageTest.setUp(LoginPageTest.java:24)
at com.intellij.rt.testng.IDEARemoteTestNG.run(IDEARemoteTestNG.java:66)
at com.intellij.rt.testng.RemoteTestNGStarter.main(RemoteTestNGStarter.java:109)
... Removed 23 stack frames]]>
    </failure>
  </testcase> <!-- @BeforeMethod setUp -->
  <testcase classname="com.crossjourney.testcases.LoginPageTest" name="@AfterMethod tearDown" time="0.0">
    <skipped/>
  </testcase> <!-- @AfterMethod tearDown -->
  <testcase classname="com.crossjourney.testcases.LoginPageTest" name="@BeforeMethod setUp" time="0.0">
    <skipped/>
  </testcase> <!-- @BeforeMethod setUp -->
  <testcase classname="com.crossjourney.testcases.LoginPageTest" name="@AfterMethod tearDown" time="0.0">
    <skipped/>
  </testcase> <!-- @AfterMethod tearDown -->
  <testcase classname="com.crossjourney.testcases.LoginPageTest" name="@BeforeMethod setUp" time="0.0">
    <skipped/>
  </testcase> <!-- @BeforeMethod setUp -->
  <testcase classname="com.crossjourney.testcases.LoginPageTest" name="@AfterMethod tearDown" time="0.0">
    <skipped/>
  </testcase> <!-- @AfterMethod tearDown -->
  <testcase classname="com.crossjourney.testcases.LoginPageTest" name="testIcon" time="0.0">
    <skipped/>
  </testcase> <!-- testIcon -->
  <testcase classname="com.crossjourney.testcases.LoginPageTest" name="verifyLoginLabel" time="0.0">
    <skipped/>
  </testcase> <!-- verifyLoginLabel -->
  <testcase classname="com.crossjourney.testcases.LoginPageTest" name="verifyPageTitle" time="0.0">
    <skipped/>
  </testcase> <!-- verifyPageTitle -->
</testsuite> <!-- Cross_Journey -->
